time="2022-12-12T11:07:08-08:00" level=debug msg="OpenShift Installer 4.11.13"
time="2022-12-12T11:07:08-08:00" level=debug msg="Built from commit 9d1e216a2ac5fede74450d1383c990ecc97c59da"
time="2022-12-12T11:07:08-08:00" level=debug msg="Fetching Install Config..."
time="2022-12-12T11:07:08-08:00" level=debug msg="Loading Install Config..."
time="2022-12-12T11:07:08-08:00" level=debug msg="  Loading SSH Key..."
time="2022-12-12T11:07:08-08:00" level=debug msg="  Loading Base Domain..."
time="2022-12-12T11:07:08-08:00" level=debug msg="    Loading Platform..."
time="2022-12-12T11:07:08-08:00" level=debug msg="  Loading Cluster Name..."
time="2022-12-12T11:07:08-08:00" level=debug msg="    Loading Base Domain..."
time="2022-12-12T11:07:08-08:00" level=debug msg="    Loading Platform..."
time="2022-12-12T11:07:08-08:00" level=debug msg="  Loading Networking..."
time="2022-12-12T11:07:08-08:00" level=debug msg="    Loading Platform..."
time="2022-12-12T11:07:08-08:00" level=debug msg="  Loading Pull Secret..."
time="2022-12-12T11:07:08-08:00" level=debug msg="  Loading Platform..."
time="2022-12-12T11:07:08-08:00" level=debug msg="  Fetching SSH Key..."
time="2022-12-12T11:07:08-08:00" level=debug msg="  Generating SSH Key..."
time="2022-12-12T11:07:14-08:00" level=debug msg="  Fetching Base Domain..."
time="2022-12-12T11:07:14-08:00" level=debug msg="    Fetching Platform..."
time="2022-12-12T11:07:14-08:00" level=debug msg="    Generating Platform..."
time="2022-12-12T11:07:16-08:00" level=info msg="Credentials loaded from the \"default\" profile in file \"/Users/berretterry/.aws/credentials\""
time="2022-12-12T11:07:21-08:00" level=debug msg="  Generating Base Domain..."
time="2022-12-12T11:07:21-08:00" level=debug msg="listing AWS hosted zones"
time="2022-12-12T11:07:26-08:00" level=fatal msg="failed to fetch Install Config: failed to fetch dependency of \"Install Config\": failed to generate asset \"Base Domain\": no public Route 53 hosted zones found"
time="2022-12-13T07:50:48-08:00" level=debug msg="OpenShift Installer 4.11.13"
time="2022-12-13T07:50:48-08:00" level=debug msg="Built from commit 9d1e216a2ac5fede74450d1383c990ecc97c59da"
time="2022-12-13T07:50:48-08:00" level=debug msg="Fetching Install Config..."
time="2022-12-13T07:50:48-08:00" level=debug msg="Loading Install Config..."
time="2022-12-13T07:50:48-08:00" level=debug msg="  Loading SSH Key..."
time="2022-12-13T07:50:48-08:00" level=debug msg="  Loading Base Domain..."
time="2022-12-13T07:50:48-08:00" level=debug msg="    Loading Platform..."
time="2022-12-13T07:50:48-08:00" level=debug msg="  Loading Cluster Name..."
time="2022-12-13T07:50:48-08:00" level=debug msg="    Loading Base Domain..."
time="2022-12-13T07:50:48-08:00" level=debug msg="    Loading Platform..."
time="2022-12-13T07:50:48-08:00" level=debug msg="  Loading Networking..."
time="2022-12-13T07:50:48-08:00" level=debug msg="    Loading Platform..."
time="2022-12-13T07:50:48-08:00" level=debug msg="  Loading Pull Secret..."
time="2022-12-13T07:50:48-08:00" level=debug msg="  Loading Platform..."
time="2022-12-13T07:50:48-08:00" level=debug msg="  Fetching SSH Key..."
time="2022-12-13T07:50:48-08:00" level=debug msg="  Generating SSH Key..."
time="2022-12-13T07:50:51-08:00" level=debug msg="  Fetching Base Domain..."
time="2022-12-13T07:50:51-08:00" level=debug msg="    Fetching Platform..."
time="2022-12-13T07:50:51-08:00" level=debug msg="    Generating Platform..."
time="2022-12-13T07:50:53-08:00" level=info msg="Credentials loaded from the \"default\" profile in file \"/Users/berretterry/.aws/credentials\""
time="2022-12-13T07:50:56-08:00" level=debug msg="  Generating Base Domain..."
time="2022-12-13T07:50:56-08:00" level=debug msg="listing AWS hosted zones"
time="2022-12-13T07:51:06-08:00" level=debug msg="  Fetching Cluster Name..."
time="2022-12-13T07:51:06-08:00" level=debug msg="    Fetching Base Domain..."
time="2022-12-13T07:51:06-08:00" level=debug msg="    Reusing previously-fetched Base Domain"
time="2022-12-13T07:51:06-08:00" level=debug msg="    Fetching Platform..."
time="2022-12-13T07:51:06-08:00" level=debug msg="    Reusing previously-fetched Platform"
time="2022-12-13T07:51:06-08:00" level=debug msg="  Generating Cluster Name..."
time="2022-12-13T07:51:49-08:00" level=debug msg="  Fetching Networking..."
time="2022-12-13T07:51:49-08:00" level=debug msg="    Fetching Platform..."
time="2022-12-13T07:51:49-08:00" level=debug msg="    Reusing previously-fetched Platform"
time="2022-12-13T07:51:49-08:00" level=debug msg="  Generating Networking..."
time="2022-12-13T07:51:49-08:00" level=debug msg="  Fetching Pull Secret..."
time="2022-12-13T07:51:49-08:00" level=debug msg="  Generating Pull Secret..."
time="2022-12-13T07:52:24-08:00" level=debug msg="  Fetching Platform..."
time="2022-12-13T07:52:24-08:00" level=debug msg="  Reusing previously-fetched Platform"
time="2022-12-13T07:52:24-08:00" level=debug msg="Generating Install Config..."
time="2022-12-13T07:52:24-08:00" level=info msg="Install-Config created in: ocp-install"
